This is pdfTeX, Version 3.14159265-2.6-1.40.15 (TeX Live 2015/dev/Debian) (preloaded format=pdflatex 2015.5.1)  6 MAY 2015 14:49
entering extended mode
 restricted \write18 enabled.
 %&-line parsing enabled.
**document.tex
(./document.tex
LaTeX2e <2014/05/01>
Babel <3.9l> and hyphenation patterns for 2 languages loaded.
(./bioinfo.cls
Document Class: bioinfo 2003/02/08 0.1
(/usr/share/texlive/texmf-dist/tex/latex/base/inputenc.sty
Package: inputenc 2014/04/30 v1.2b Input encoding file
\inpenc@prehook=\toks14
\inpenc@posthook=\toks15
) (./crop.sty
Package: crop 2001/11/16 v1.6 cropmarks (mf)
\CROP@width=\dimen102
\CROP@height=\dimen103
\CROP@index=\count79

(/usr/share/texlive/texmf-dist/tex/latex/graphics/graphics.sty
Package: graphics 2009/02/05 v1.0o Standard LaTeX Graphics (DPC,SPQR)

(/usr/share/texlive/texmf-dist/tex/latex/graphics/trig.sty
Package: trig 1999/03/16 v1.09 sin cos tan (DPC)
)
(/usr/share/texlive/texmf-dist/tex/latex/latexconfig/graphics.cfg
File: graphics.cfg 2010/04/23 v1.9 graphics configuration of TeX Live
)
Package graphics Info: Driver file: pdftex.def on input line 91.

(/usr/share/texlive/texmf-dist/tex/latex/pdftex-def/pdftex.def
File: pdftex.def 2011/05/27 v0.06d Graphics/color for pdfTeX

(/usr/share/texlive/texmf-dist/tex/generic/oberdiek/infwarerr.sty
Package: infwarerr 2010/04/08 v1.3 Providing info/warning/error messages (HO)
)
(/usr/share/texlive/texmf-dist/tex/generic/oberdiek/ltxcmds.sty
Package: ltxcmds 2011/11/09 v1.22 LaTeX kernel commands for general use (HO)
)
\Gread@gobject=\count80
))
\CROP@offset=\count81
)
Package crop Info: using pdf(la)tex graphics driver on input line 33.

(/usr/share/texlive/texmf-dist/tex/latex/graphics/graphicx.sty
Package: graphicx 2014/04/25 v1.0g Enhanced LaTeX Graphics (DPC,SPQR)

(/usr/share/texlive/texmf-dist/tex/latex/graphics/keyval.sty
Package: keyval 2014/05/08 v1.15 key=value parser (DPC)
\KV@toks@=\toks16
)
\Gin@req@height=\dimen104
\Gin@req@width=\dimen105
)
(/usr/share/texlive/texmf-dist/tex/latex/amsmath/amsmath.sty
Package: amsmath 2013/01/14 v2.14 AMS math features
\@mathmargin=\skip41

For additional information on amsmath, use the `?' option.
(/usr/share/texlive/texmf-dist/tex/latex/amsmath/amstext.sty
Package: amstext 2000/06/29 v2.01

(/usr/share/texlive/texmf-dist/tex/latex/amsmath/amsgen.sty
File: amsgen.sty 1999/11/30 v2.0
\@emptytoks=\toks17
\ex@=\dimen106
))
(/usr/share/texlive/texmf-dist/tex/latex/amsmath/amsbsy.sty
Package: amsbsy 1999/11/29 v1.2d
\pmbraise@=\dimen107
)
(/usr/share/texlive/texmf-dist/tex/latex/amsmath/amsopn.sty
Package: amsopn 1999/12/14 v2.01 operator names
)
\inf@bad=\count82
LaTeX Info: Redefining \frac on input line 210.
\uproot@=\count83
\leftroot@=\count84
LaTeX Info: Redefining \overline on input line 306.
\classnum@=\count85
\DOTSCASE@=\count86
LaTeX Info: Redefining \ldots on input line 378.
LaTeX Info: Redefining \dots on input line 381.
LaTeX Info: Redefining \cdots on input line 466.
\Mathstrutbox@=\box26
\strutbox@=\box27
\big@size=\dimen108
LaTeX Font Info:    Redeclaring font encoding OML on input line 566.
LaTeX Font Info:    Redeclaring font encoding OMS on input line 567.
\macc@depth=\count87
\c@MaxMatrixCols=\count88
\dotsspace@=\muskip10
\c@parentequation=\count89
\dspbrk@lvl=\count90
\tag@help=\toks18
\row@=\count91
\column@=\count92
\maxfields@=\count93
\andhelp@=\toks19
\eqnshift@=\dimen109
\alignsep@=\dimen110
\tagshift@=\dimen111
\tagwidth@=\dimen112
\totwidth@=\dimen113
\lineht@=\dimen114
\@envbody=\toks20
\multlinegap=\skip42
\multlinetaggap=\skip43
\mathdisplay@stack=\toks21
LaTeX Info: Redefining \[ on input line 2665.
LaTeX Info: Redefining \] on input line 2666.
)
(/usr/share/texlive/texmf-dist/tex/latex/tools/array.sty
Package: array 2014/10/28 v2.4c Tabular extension package (FMi)
\col@sep=\dimen115
\extrarowheight=\dimen116
\NC@list=\toks22
\extratabsurround=\skip44
\backup@length=\skip45
) (./color.sty
Package: color 1999/02/16 v1.0i Standard LaTeX Color (DPC)

(/usr/share/texlive/texmf-dist/tex/latex/latexconfig/color.cfg
File: color.cfg 2007/01/18 v1.5 color configuration of teTeX/TeXLive
)
Package color Info: Driver file: pdftex.def on input line 125.
)
(/usr/share/texlive/texmf-dist/tex/latex/amsfonts/amssymb.sty
Package: amssymb 2013/01/14 v3.01 AMS font symbols

(/usr/share/texlive/texmf-dist/tex/latex/amsfonts/amsfonts.sty
Package: amsfonts 2013/01/14 v3.01 Basic AMSFonts support
\symAMSa=\mathgroup4
\symAMSb=\mathgroup5
LaTeX Font Info:    Overwriting math alphabet `\mathfrak' in version `bold'
(Font)                  U/euf/m/n --> U/euf/b/n on input line 106.
))
(./flushend.sty
Package: flushend 1997/10/01
\@aaa=\box28
\@ccc=\box29
\@viper=\box30
\hold@viper=\box31
\atColsBreak=\toks23
\@extra@skip=\dimen117
\@nd@page@rule=\dimen118
) (./stfloats.sty
Package: stfloats 1999/10/22
\@dblbotnum=\count94
\c@dblbotnumber=\count95
)
(/usr/share/texlive/texmf-dist/tex/latex/amscls/amsthm.sty
Package: amsthm 2009/07/02 v2.20.1
\thm@style=\toks24
\thm@bodyfont=\toks25
\thm@headfont=\toks26
\thm@notefont=\toks27
\thm@headpunct=\toks28
\thm@preskip=\skip46
\thm@postskip=\skip47
\thm@headsep=\skip48
\dth@everypar=\toks29
) (./chngpage.sty
Package: chngpage 2001/01/31 v1.1b change page layout
\c@cp@cnt=\count96
\c@cp@tempcnt=\count97
)
(./times.sty
Package: times 2000/01/12 PSNFSS-v8.1 Times font as default roman (SPQR) 
)
\c@section=\count98
\c@subsection=\count99
\c@subsubsection=\count100
\c@paragraph=\count101
\c@subparagraph=\count102
\c@figure=\count103
\c@table=\count104
\dropfromtop=\skip49
\extraspace=\skip50
\aboveskipchk=\skip51
\abovecaptionskip=\skip52
\belowcaptionskip=\skip53
\rotdimen=\dimen119
\tempdime=\dimen120
\temptbox=\box32
 (./natbib.sty
Package: natbib 2000/07/24 7.0a (PWD)
\bibhang=\skip54
\bibsep=\skip55
LaTeX Info: Redefining \cite on input line 508.
\c@NAT@ctr=\count105
))
(/usr/share/texlive/texmf-dist/tex/latex/multirow/multirow.sty
\bigstrutjot=\dimen121
)
(/usr/share/texlive/texmf-dist/tex/latex/rotating/rotating.sty
Package: rotating 2009/03/28 v2.16a rotated objects in LaTeX

(/usr/share/texlive/texmf-dist/tex/latex/base/ifthen.sty
Package: ifthen 2014/09/29 v1.1c Standard LaTeX ifthen package (DPC)
)
\c@r@tfl@t=\count106
\rotFPtop=\skip56
\rotFPbot=\skip57
\rot@float@box=\box33
\rot@mess@toks=\toks30
)
(/usr/share/texlive/texmf-dist/tex/latex/tools/tabularx.sty
Package: tabularx 2014/10/28 v2.10 `tabularx' package (DPC)
\TX@col@width=\dimen122
\TX@old@table=\dimen123
\TX@old@col=\dimen124
\TX@target=\dimen125
\TX@delta=\dimen126
\TX@cols=\count107
\TX@ftn=\toks31
) (./document.aux)
\openout1 = `document.aux'.

LaTeX Font Info:    Checking defaults for OML/cmm/m/it on input line 14.
LaTeX Font Info:    ... okay on input line 14.
LaTeX Font Info:    Checking defaults for T1/cmr/m/n on input line 14.
LaTeX Font Info:    ... okay on input line 14.
LaTeX Font Info:    Checking defaults for OT1/cmr/m/n on input line 14.
LaTeX Font Info:    ... okay on input line 14.
LaTeX Font Info:    Checking defaults for OMS/cmsy/m/n on input line 14.
LaTeX Font Info:    ... okay on input line 14.
LaTeX Font Info:    Checking defaults for OMX/cmex/m/n on input line 14.
LaTeX Font Info:    ... okay on input line 14.
LaTeX Font Info:    Checking defaults for U/cmr/m/n on input line 14.
LaTeX Font Info:    ... okay on input line 14.
LaTeX Font Info:    Try loading font information for OT1+ptm on input line 14.

(/usr/share/texlive/texmf-dist/tex/latex/psnfss/ot1ptm.fd
File: ot1ptm.fd 2001/06/04 font definitions for OT1/ptm.
)
(/usr/share/texlive/texmf-dist/tex/context/base/supp-pdf.mkii
[Loading MPS to PDF converter (version 2006.09.02).]
\scratchcounter=\count108
\scratchdimen=\dimen127
\scratchbox=\box34
\nofMPsegments=\count109
\nofMParguments=\count110
\everyMPshowfont=\toks32
\MPscratchCnt=\count111
\MPscratchDim=\dimen128
\MPnumerator=\count112
\makeMPintoPDFobject=\count113
\everyMPtoPDFconversion=\toks33
) (/usr/share/texlive/texmf-dist/tex/generic/oberdiek/pdftexcmds.sty
Package: pdftexcmds 2011/11/29 v0.20 Utility functions of pdfTeX for LuaTeX (HO
)

(/usr/share/texlive/texmf-dist/tex/generic/oberdiek/ifluatex.sty
Package: ifluatex 2010/03/01 v1.3 Provides the ifluatex switch (HO)
Package ifluatex Info: LuaTeX not detected.
)
(/usr/share/texlive/texmf-dist/tex/generic/oberdiek/ifpdf.sty
Package: ifpdf 2011/01/30 v2.3 Provides the ifpdf switch (HO)
Package ifpdf Info: pdfTeX in PDF mode is detected.
)
Package pdftexcmds Info: LuaTeX not detected.
Package pdftexcmds Info: \pdf@primitive is available.
Package pdftexcmds Info: \pdf@ifprimitive is available.
Package pdftexcmds Info: \pdfdraftmode found.
)
(/usr/share/texlive/texmf-dist/tex/latex/oberdiek/epstopdf-base.sty
Package: epstopdf-base 2010/02/09 v2.5 Base part for package epstopdf

(/usr/share/texlive/texmf-dist/tex/latex/oberdiek/grfext.sty
Package: grfext 2010/08/19 v1.1 Manage graphics extensions (HO)

(/usr/share/texlive/texmf-dist/tex/generic/oberdiek/kvdefinekeys.sty
Package: kvdefinekeys 2011/04/07 v1.3 Define keys (HO)
))
(/usr/share/texlive/texmf-dist/tex/latex/oberdiek/kvoptions.sty
Package: kvoptions 2011/06/30 v3.11 Key value format for package options (HO)

(/usr/share/texlive/texmf-dist/tex/generic/oberdiek/kvsetkeys.sty
Package: kvsetkeys 2012/04/25 v1.16 Key value parser (HO)

(/usr/share/texlive/texmf-dist/tex/generic/oberdiek/etexcmds.sty
Package: etexcmds 2011/02/16 v1.5 Avoid name clashes with e-TeX commands (HO)
Package etexcmds Info: Could not find \expanded.
(etexcmds)             That can mean that you are not using pdfTeX 1.50 or
(etexcmds)             that some package has redefined \expanded.
(etexcmds)             In the latter case, load this package earlier.
)))
Package grfext Info: Graphics extension search list:
(grfext)             [.png,.pdf,.jpg,.mps,.jpeg,.jbig2,.jb2,.PNG,.PDF,.JPG,.JPE
G,.JBIG2,.JB2,.eps]
(grfext)             \AppendGraphicsExtensions on input line 452.

(/usr/share/texlive/texmf-dist/tex/latex/latexconfig/epstopdf-sys.cfg
File: epstopdf-sys.cfg 2010/07/13 v1.3 Configuration of (r)epstopdf for TeX Liv
e
))
LaTeX Font Info:    Try loading font information for OT1+phv on input line 33.

(/usr/share/texlive/texmf-dist/tex/latex/psnfss/ot1phv.fd
File: ot1phv.fd 2001/06/04 scalable font definitions for OT1/phv.
)
LaTeX Font Info:    Font shape `OT1/phv/m/it' in size <9> not available
(Font)              Font shape `OT1/phv/m/sl' tried instead on input line 33.
LaTeX Font Info:    Font shape `OT1/phv/bx/it' in size <9> not available
(Font)              Font shape `OT1/phv/b/it' tried instead on input line 33.
LaTeX Font Info:    Font shape `OT1/phv/b/it' in size <9> not available
(Font)              Font shape `OT1/phv/b/sl' tried instead on input line 33.
LaTeX Font Info:    Font shape `OT1/phv/bx/it' in size <19> not available
(Font)              Font shape `OT1/phv/b/it' tried instead on input line 33.
LaTeX Font Info:    Font shape `OT1/phv/b/it' in size <19> not available
(Font)              Font shape `OT1/phv/b/sl' tried instead on input line 33.
LaTeX Font Info:    Font shape `OT1/phv/m/it' in size <8> not available
(Font)              Font shape `OT1/phv/m/sl' tried instead on input line 33.
LaTeX Font Info:    Font shape `OT1/phv/bx/n' in size <9> not available
(Font)              Font shape `OT1/phv/b/n' tried instead on input line 33.
LaTeX Font Info:    Font shape `OT1/phv/bx/n' in size <16> not available
(Font)              Font shape `OT1/phv/b/n' tried instead on input line 33.
LaTeX Font Info:    Calculating math sizes for size <13> on input line 33.


LaTeX Font Warning: Font shape `OT1/cmr/m/n' in size <13> not available
(Font)              size <12> substituted on input line 33.


LaTeX Font Warning: Font shape `OT1/cmr/m/n' in size <6.5> not available
(Font)              size <6> substituted on input line 33.


LaTeX Font Warning: Font shape `OML/cmm/m/it' in size <13> not available
(Font)              size <12> substituted on input line 33.


LaTeX Font Warning: Font shape `OML/cmm/m/it' in size <6.5> not available
(Font)              size <6> substituted on input line 33.


LaTeX Font Warning: Font shape `OMS/cmsy/m/n' in size <13> not available
(Font)              size <12> substituted on input line 33.


LaTeX Font Warning: Font shape `OMS/cmsy/m/n' in size <6.5> not available
(Font)              size <6> substituted on input line 33.

LaTeX Font Info:    Try loading font information for U+msa on input line 33.
(/usr/share/texlive/texmf-dist/tex/latex/amsfonts/umsa.fd
File: umsa.fd 2013/01/14 v3.01 AMS symbols A
)
LaTeX Font Info:    Try loading font information for U+msb on input line 33.

(/usr/share/texlive/texmf-dist/tex/latex/amsfonts/umsb.fd
File: umsb.fd 2013/01/14 v3.01 AMS symbols B
)
LaTeX Font Info:    Calculating math sizes for size <9.09996> on input line 33.



LaTeX Font Warning: Font shape `OT1/cmr/m/n' in size <4.54997> not available
(Font)              size <5> substituted on input line 33.


LaTeX Font Warning: Font shape `OML/cmm/m/it' in size <4.54997> not available
(Font)              size <5> substituted on input line 33.


LaTeX Font Warning: Font shape `OMS/cmsy/m/n' in size <4.54997> not available
(Font)              size <5> substituted on input line 33.


LaTeX Font Warning: Font shape `OT1/cmr/m/n' in size <7.5> not available
(Font)              size <7> substituted on input line 33.


LaTeX Font Warning: Font shape `OML/cmm/m/it' in size <7.5> not available
(Font)              size <7> substituted on input line 33.


LaTeX Font Warning: Font shape `OMS/cmsy/m/n' in size <7.5> not available
(Font)              size <7> substituted on input line 33.


Underfull \hbox (badness 10000) detected at line 33
[]
 []

LaTeX Font Info:    Font shape `OT1/phv/bx/n' in size <8> not available
(Font)              Font shape `OT1/phv/b/n' tried instead on input line 37.

Overfull \hbox (0.91719pt too wide) in paragraph at lines 45--54
\OT1/phv/m/n/8 models to integrate DNase I hypersensitivity and histone modific
ations
 []

LaTeX Font Info:    Font shape `OT1/phv/bx/n' in size <10> not available
(Font)              Font shape `OT1/phv/b/n' tried instead on input line 62.

Underfull \hbox (badness 3039) in paragraph at lines 65--79
\OT1/ptm/m/n/9 identification of transcriptional regulatory elements, such as
 []


Underfull \hbox (badness 4341) in paragraph at lines 65--79
\OT1/ptm/m/n/9 regulatory networks driving cellular processes such as cell
 []


Underfull \vbox (badness 10000) has occurred while \output is active []


Underfull \hbox (badness 1412) in paragraph at lines 89--110
\OT1/ptm/m/it/9 et al.\OT1/ptm/m/n/9 , 2009). A classical method to detect acti
ve regulatory
 []


Underfull \vbox (badness 10000) has occurred while \output is active []

LaTeX Font Info:    Try loading font information for OMS+phv on input line 110.


(/usr/share/texlive/texmf-dist/tex/latex/psnfss/omsphv.fd
File: omsphv.fd 
)
LaTeX Font Info:    Font shape `OMS/phv/m/n' in size <7> not available
(Font)              Font shape `OMS/cmsy/m/n' tried instead on input line 110.
 [1

{/var/lib/texmf/fonts/map/pdftex/updmap/pdftex.map}


]
Underfull \hbox (badness 4353) in paragraph at lines 111--116
[]\OT1/ptm/m/n/9 Several computational approaches explore open chromatin
 []

Package epstopdf Info: Source file: <FootprintsHMM.eps>
(epstopdf)                    date: 2015-05-04 20:05:06
(epstopdf)                    size: 201481 bytes
(epstopdf)             Output file: <FootprintsHMM-eps-converted-to.pdf>
(epstopdf)                    date: 2015-05-06 14:49:36
(epstopdf)                    size: 34588 bytes
(epstopdf)             Command: <repstopdf --outfile=FootprintsHMM-eps-converte
d-to.pdf FootprintsHMM.eps>
(epstopdf)             \includegraphics on input line 119.
Package epstopdf Info: Output file is already uptodate.
<FootprintsHMM-eps-converted-to.pdf, id=18, 920.43875pt x 275.0275pt>
File: FootprintsHMM-eps-converted-to.pdf Graphic file (type pdf)

<use FootprintsHMM-eps-converted-to.pdf>
Package pdftex.def Info: FootprintsHMM-eps-converted-to.pdf used on input line 
119.
(pdftex.def)             Requested size: 498.96277pt x 149.09177pt.
LaTeX Font Info:    Font shape `OT1/ptm/bx/n' in size <8> not available
(Font)              Font shape `OT1/ptm/b/n' tried instead on input line 121.
LaTeX Font Info:    Try loading font information for OT1+pcr on input line 121.


(/usr/share/texlive/texmf-dist/tex/latex/psnfss/ot1pcr.fd
File: ot1pcr.fd 2001/06/04 font definitions for OT1/pcr.
)
Overfull \hbox (5.6762pt too wide) in paragraph at lines 128--151
\OT1/ptm/m/n/9 segmentation-based methods and site-centric methods. Segmentatio
n-
 []


Underfull \hbox (badness 1803) in paragraph at lines 155--179
\OT1/ptm/m/n/9 regions of both histone mark and DHS signals. The HMM
 []

LaTeX Font Info:    Font shape `OT1/phv/bx/it' in size <8> not available
(Font)              Font shape `OT1/phv/b/it' tried instead on input line 212.
LaTeX Font Info:    Font shape `OT1/phv/b/it' in size <8> not available
(Font)              Font shape `OT1/phv/b/sl' tried instead on input line 212.

Overfull \hbox (261.0pt too wide) has occurred while \output is active
[][] 
 []


Overfull \vbox (1.0pt too high) has occurred while \output is active []


Overfull \hbox (261.0pt too wide) has occurred while \output is active
[][] 
 []

[2]
Underfull \vbox (badness 10000) has occurred while \output is active []


Overfull \hbox (261.0pt too wide) has occurred while \output is active
[][] 
 []


Overfull \vbox (1.0pt too high) has occurred while \output is active []

 [3 <./FootprintsHMM-eps-converted-to.pdf>]
Underfull \hbox (badness 1546) in paragraph at lines 349--353
\OT1/ptm/m/n/8 1989). In practical terms, we consider positions annotated with 
the
 []


Underfull \hbox (badness 2080) in paragraph at lines 367--372
[]\OT1/ptm/m/n/8 In order to create the evaluation dataset, we obtained all ChI
P-
 []


Underfull \hbox (badness 1931) in paragraph at lines 367--372
\OT1/ptm/m/n/8 seq enriched regions for TFs of these two cell types in ENCODE
 []


Underfull \hbox (badness 1365) in paragraph at lines 404--415
\OT1/ptm/m/n/8 HMMs per cell type, one for each histone modification (H3K4me3,
 []


Underfull \hbox (badness 2753) in paragraph at lines 404--415
\OT1/ptm/m/n/8 Tables 2--4 for the set of parameters for the HMM trained using
 []


Underfull \hbox (badness 1062) in paragraph at lines 422--430
 \OT1/ptm/m/it/9 3.3.1 Binding Evidence[] \OT1/ptm/m/n/8 ChIP-seq experiments f
or the TFs being
 []


Underfull \hbox (badness 2042) in paragraph at lines 447--458
 \OT1/ptm/m/it/9 3.3.2 Gold Standard and Evaluation Metrics[] \OT1/ptm/m/n/8 To
 evaluate all
 []


Overfull \hbox (261.0pt too wide) has occurred while \output is active
[][] 
 []


Overfull \vbox (1.0pt too high) has occurred while \output is active []


Overfull \hbox (261.0pt too wide) has occurred while \output is active
[][] 
 []

[4]
Underfull \hbox (badness 1028) in paragraph at lines 459--468
\OT1/ptm/m/n/8 curves (with true negative rate (specificity) on x-axis, instead
 of the
 []


LaTeX Font Warning: Font shape `OT1/cmr/bx/n' in size <6.5> not available
(Font)              size <6> substituted on input line 523.


Underfull \hbox (badness 2970) in paragraph at lines 525--545
\OT1/ptm/m/n/9 set of histone marks to be combined. We are particularly
 []


Underfull \hbox (badness 1077) in paragraph at lines 525--545
\OT1/ptm/m/n/9 necessity of high-throughput experiments. For such, we have
 []


Underfull \hbox (badness 3482) in paragraph at lines 525--545
\OT1/ptm/m/n/9 combinations of three marks (H3K4me1+H3K4me3+H3K9ac,
 []


Underfull \hbox (badness 2913) in paragraph at lines 525--545
\OT1/ptm/m/n/9 H3K4me1+H3K4me3+H3K27ac, H2A.Z+H3K4me1+H3K4me3,
 []


Underfull \hbox (badness 2142) in paragraph at lines 525--545
\OT1/ptm/m/n/9 H2A.Z+H3K4me3+H3K9ac and H3K4me3+H3K9ac+H3K27ac)
 []


Underfull \hbox (badness 1540) in paragraph at lines 525--545
\OT1/ptm/m/n/9 than any other combination). Similarly, if we only consider
 []


Underfull \hbox (badness 1721) in paragraph at lines 525--545
\OT1/ptm/m/n/9 individual and pairs of histone marks, H3K4me1+H3K4me3,
 []


Underfull \hbox (badness 3792) in paragraph at lines 525--545
\OT1/ptm/m/n/9 H3K4me1+H3K9ac have similar AUCs. This indicates that
 []


Underfull \hbox (badness 1360) in paragraph at lines 525--545
\OT1/ptm/m/n/9 any combination of these histone marks, whenever available,
 []


Underfull \hbox (badness 2653) in paragraph at lines 525--545
\OT1/ptm/m/n/9 types in separate. Despite small differences in rankings, a
 []


Underfull \hbox (badness 1776) in paragraph at lines 525--545
\OT1/ptm/m/n/9 H3K4me1+H3K4me3+H3K9ac and H3K4me1+H3K4me3 were
 []


Overfull \hbox (261.0pt too wide) has occurred while \output is active
[][] 
 []


Overfull \vbox (1.0pt too high) has occurred while \output is active []

 [5]
Package epstopdf Info: Source file: <ROC.eps>
(epstopdf)                    date: 2015-05-04 20:05:08
(epstopdf)                    size: 3255511 bytes
(epstopdf)             Output file: <ROC-eps-converted-to.pdf>
(epstopdf)                    date: 2015-05-06 14:49:37
(epstopdf)                    size: 809273 bytes
(epstopdf)             Command: <repstopdf --outfile=ROC-eps-converted-to.pdf R
OC.eps>
(epstopdf)             \includegraphics on input line 601.
Package epstopdf Info: Output file is already uptodate.

<ROC-eps-converted-to.pdf, id=61, 1817.79124pt x 980.66376pt>
File: ROC-eps-converted-to.pdf Graphic file (type pdf)

<use ROC-eps-converted-to.pdf>
Package pdftex.def Info: ROC-eps-converted-to.pdf used on input line 601.
(pdftex.def)             Requested size: 498.96277pt x 269.16711pt.

Underfull \hbox (badness 8189) in paragraph at lines 610--610
[]\OT1/ptm/b/n/8 Table 1. \OT1/ptm/m/n/8 Friedman-Nemenyi hypothesis test resul
ts on sensitivity,
 []


Overfull \hbox (4.89067pt too wide) in alignment at lines 648--648
[][][][][][][][][][][] 
 []


Underfull \hbox (badness 1221) in paragraph at lines 656--669
\OT1/ptm/m/n/9 shows the resulting distribution of distances for all evaluated
 []

Package epstopdf Info: Source file: <Boxplot.eps>
(epstopdf)                    date: 2015-05-04 20:05:08
(epstopdf)                    size: 1626066 bytes
(epstopdf)             Output file: <Boxplot-eps-converted-to.pdf>
(epstopdf)                    date: 2015-05-06 14:49:40
(epstopdf)                    size: 808397 bytes
(epstopdf)             Command: <repstopdf --outfile=Boxplot-eps-converted-to.p
df Boxplot.eps>
(epstopdf)             \includegraphics on input line 672.
Package epstopdf Info: Output file is already uptodate.
<Boxplot-eps-converted-to.pdf, id=62, 505.89pt x 505.89pt>
File: Boxplot-eps-converted-to.pdf Graphic file (type pdf)

<use Boxplot-eps-converted-to.pdf>
Package pdftex.def Info: Boxplot-eps-converted-to.pdf used on input line 672.
(pdftex.def)             Requested size: 166.32092pt x 166.31894pt.

Underfull \hbox (badness 3128) in paragraph at lines 681--697
\OT1/ptm/m/n/9 Methods for detection of active TFBSs can be categorized
 []


Underfull \hbox (badness 4353) in paragraph at lines 681--697
\OT1/ptm/m/n/9 segmentation-based (Boyle, Neph and HMMs). Site-centric
 []


Underfull \vbox (badness 10000) has occurred while \output is active []


Overfull \hbox (261.0pt too wide) has occurred while \output is active
[][] 
 []


Overfull \vbox (1.0pt too high) has occurred while \output is active []


Overfull \hbox (261.0pt too wide) has occurred while \output is active
[][] 
 []

[6]
Underfull \hbox (badness 1168) in paragraph at lines 698--705
[]\OT1/ptm/m/n/9 While Centipede obtained good AUC results, the method's
 []


Underfull \hbox (badness 1748) in paragraph at lines 698--705
\OT1/ptm/m/n/9 performance was too dependent on regularization parameters.
 []


Underfull \vbox (badness 10000) has occurred while \output is active []


Overfull \hbox (261.0pt too wide) has occurred while \output is active
[][] 
 []


Overfull \vbox (1.0pt too high) has occurred while \output is active []

 [7 <./ROC-eps-converted-to.pdf> <./Boxplot-eps-converted-to.pdf>]
Underfull \hbox (badness 1231) in paragraph at lines 734--747
\OT1/ptm/m/n/9 This paper presents a novel approach to combine the spatial
 []


Underfull \hbox (badness 2922) in paragraph at lines 754--757
\OT1/ptm/m/n/9 Medical School, Aachen, Germany; and Brazilian research
 []

LaTeX Font Info:    Font shape `OT1/ptm/bx/n' in size <7> not available
(Font)              Font shape `OT1/ptm/b/n' tried instead on input line 767.

Underfull \hbox (badness 3240) in paragraph at lines 929--932
[]\OT1/ptm/m/n/7 Stormo, G. D. (2000).  DNA binding sites: representation and d
iscovery.
 []


Underfull \vbox (badness 10000) has occurred while \output is active []

Extra height:20.24243pt when 645.24243pt

Underfull \vbox (badness 10000) has occurred while \output is active []

Extra height:20.24243pt when 646.24243pt

Underfull \vbox (badness 10000) has occurred while \output is active []

Extra height:20.24243pt when 647.24243pt
Extra height:0.0pt when 648.24243pt
(2)Left:648.24243pt Right:641.24243pt Output:648.24243pt
- LAST -
Extra skip:0.0pt
Left:648.24243pt
Right:641.24243pt
Output:648.24243pt

Underfull \vbox (badness 10000) has occurred while \output is active []


Overfull \hbox (261.0pt too wide) has occurred while \output is active
[][] 
 []


Overfull \vbox (1.0pt too high) has occurred while \output is active []


Overfull \hbox (261.0pt too wide) has occurred while \output is active
[][] 
 []

[8] (./document.aux)

LaTeX Font Warning: Size substitutions with differences
(Font)              up to 1.0pt have occurred.

 ) 
Here is how much of TeX's memory you used:
 3553 strings out of 495020
 45813 string characters out of 6181325
 144781 words of memory out of 5000000
 6646 multiletter control sequences out of 15000+600000
 54023 words of font info for 111 fonts, out of 8000000 for 9000
 18 hyphenation exceptions out of 8191
 38i,18n,28p,1221b,363s stack positions out of 5000i,500n,10000p,200000b,80000s
{/usr/share/texlive/texmf-dist/fonts/enc/dvips/base/8r.enc}</usr/share/texliv
e/texmf-dist/fonts/type1/public/amsfonts/cm/cmbx5.pfb></usr/share/texlive/texmf
-dist/fonts/type1/public/amsfonts/cm/cmbx6.pfb></usr/share/texlive/texmf-dist/f
onts/type1/public/amsfonts/cm/cmbx8.pfb></usr/share/texlive/texmf-dist/fonts/ty
pe1/public/amsfonts/cmextra/cmex8.pfb></usr/share/texlive/texmf-dist/fonts/type
1/public/amsfonts/cm/cmmi5.pfb></usr/share/texlive/texmf-dist/fonts/type1/publi
c/amsfonts/cm/cmmi6.pfb></usr/share/texlive/texmf-dist/fonts/type1/public/amsfo
nts/cm/cmmi8.pfb></usr/share/texlive/texmf-dist/fonts/type1/public/amsfonts/cm/
cmmi9.pfb></usr/share/texlive/texmf-dist/fonts/type1/public/amsfonts/cm/cmr5.pf
b></usr/share/texlive/texmf-dist/fonts/type1/public/amsfonts/cm/cmr6.pfb></usr/
share/texlive/texmf-dist/fonts/type1/public/amsfonts/cm/cmr7.pfb></usr/share/te
xlive/texmf-dist/fonts/type1/public/amsfonts/cm/cmr8.pfb></usr/share/texlive/te
xmf-dist/fonts/type1/public/amsfonts/cm/cmr9.pfb></usr/share/texlive/texmf-dist
/fonts/type1/public/amsfonts/cm/cmsy5.pfb></usr/share/texlive/texmf-dist/fonts/
type1/public/amsfonts/cm/cmsy6.pfb></usr/share/texlive/texmf-dist/fonts/type1/p
ublic/amsfonts/cm/cmsy7.pfb></usr/share/texlive/texmf-dist/fonts/type1/public/a
msfonts/cm/cmsy8.pfb></usr/share/texlive/texmf-dist/fonts/type1/public/amsfonts
/cm/cmsy9.pfb></usr/share/texlive/texmf-dist/fonts/type1/urw/courier/ucrr8a.pfb
></usr/share/texlive/texmf-dist/fonts/type1/urw/helvetic/uhvb8a.pfb></usr/share
/texlive/texmf-dist/fonts/type1/urw/helvetic/uhvbo8a.pfb></usr/share/texlive/te
xmf-dist/fonts/type1/urw/helvetic/uhvr8a.pfb></usr/share/texlive/texmf-dist/fon
ts/type1/urw/helvetic/uhvro8a.pfb></usr/share/texlive/texmf-dist/fonts/type1/ur
w/times/utmb8a.pfb></usr/share/texlive/texmf-dist/fonts/type1/urw/times/utmr8a.
pfb></usr/share/texlive/texmf-dist/fonts/type1/urw/times/utmri8a.pfb>
Output written on document.pdf (8 pages, 1935857 bytes).
PDF statistics:
 178 PDF objects out of 1000 (max. 8388607)
 124 compressed objects within 2 object streams
 0 named destinations out of 1000 (max. 500000)
 16 words of extra memory for PDF output out of 10000 (max. 10000000)

