\BOOKMARK [0][]{section*.3}{Lista de Figuras}{}
\BOOKMARK [0][]{section*.5}{Lista de Tabelas}{}
\BOOKMARK [0][]{chapter*.6}{Gloss\341rio}{}
\BOOKMARK [0][]{chapter.1}{1 Introdu\347\343o}{}
\BOOKMARK [1][]{section.1.1}{1.1 Motiva\347\343o}{chapter.1}
\BOOKMARK [1][]{section.1.2}{1.2 Contribui\347\365es}{chapter.1}
\BOOKMARK [1][]{section.1.3}{1.3 Estrutura do Documento}{chapter.1}
\BOOKMARK [0][]{chapter.2}{2 Contextualiza\347\343o Biol\363gica}{}
\BOOKMARK [1][]{section.2.1}{2.1 Conceitos B\341sicos em Biologia Molecular}{chapter.2}
\BOOKMARK [2][]{subsection.2.1.1}{2.1.1 DNA e RNA}{section.2.1}
\BOOKMARK [2][]{subsection.2.1.2}{2.1.2 Prote\355nas}{section.2.1}
\BOOKMARK [2][]{subsection.2.1.3}{2.1.3 Estrutura da Cromatina}{section.2.1}
\BOOKMARK [2][]{subsection.2.1.4}{2.1.4 Dogma Central da Biologia Molecular}{section.2.1}
\BOOKMARK [1][]{section.2.2}{2.2 Regula\347\343o G\352nica em Eucariotos}{chapter.2}
\BOOKMARK [2][]{subsection.2.2.1}{2.2.1 Maquinaria Regulat\363ria Proximal}{section.2.2}
\BOOKMARK [2][]{subsection.2.2.2}{2.2.2 Elementos Regulat\363rios Transcricionais}{section.2.2}
\BOOKMARK [3][]{subsubsection.2.2.2.1}{2.2.2.1 N\372cleo do Promotor}{subsection.2.2.2}
\BOOKMARK [3][]{subsubsection.2.2.2.2}{2.2.2.2 Elementos Promotores Proximais}{subsection.2.2.2}
\BOOKMARK [3][]{subsubsection.2.2.2.3}{2.2.2.3 Amplificadores}{subsection.2.2.2}
\BOOKMARK [3][]{subsubsection.2.2.2.4}{2.2.2.4 Silenciadores}{subsection.2.2.2}
\BOOKMARK [3][]{subsubsection.2.2.2.5}{2.2.2.5 Insuladores}{subsection.2.2.2}
\BOOKMARK [3][]{subsubsection.2.2.2.6}{2.2.2.6 Regi\365es de Controle de Locus}{subsection.2.2.2}
\BOOKMARK [1][]{section.2.3}{2.3 Identifica\347\343o de S\355tios de Liga\347\343o de Fatores de Transcri\347\343o}{chapter.2}
\BOOKMARK [2][]{subsection.2.3.1}{2.3.1 DNase I Footprinting}{section.2.3}
\BOOKMARK [2][]{subsection.2.3.2}{2.3.2 Imunoprecipita\347\343o da Cromatina}{section.2.3}
\BOOKMARK [2][]{subsection.2.3.3}{2.3.3 Motif Matching}{section.2.3}
\BOOKMARK [1][]{section.2.4}{2.4 Solu\347\343o Epigen\351tica}{chapter.2}
\BOOKMARK [2][]{subsection.2.4.1}{2.4.1 Conceitos e Elementos Epigen\351ticos}{section.2.4}
\BOOKMARK [2][]{subsection.2.4.2}{2.4.2 M\351todos de Obten\347\343o de Dados Epigen\351ticos}{section.2.4}
\BOOKMARK [2][]{subsection.2.4.3}{2.4.3 Gera\347\343o de Sinais}{section.2.4}
\BOOKMARK [1][]{section.2.5}{2.5 Revis\343o da Literatura}{chapter.2}
\BOOKMARK [1][]{section.2.6}{2.6 Considera\347\365es Finais}{chapter.2}
\BOOKMARK [0][]{chapter.3}{3 Modelos Escondidos de Markov}{}
\BOOKMARK [1][]{section.3.1}{3.1 Modelos Escondidos de Markov}{chapter.3}
\BOOKMARK [1][]{section.3.2}{3.2 M\351todos de Predi\347\343o Baseados em HMMs}{chapter.3}
\BOOKMARK [2][]{subsection.3.2.1}{3.2.1 Algoritmo de Viterbi}{section.3.2}
\BOOKMARK [2][]{subsection.3.2.2}{3.2.2 Probabilidade Posterior}{section.3.2}
\BOOKMARK [1][]{section.3.3}{3.3 Estima\347\343o de Par\342metros em HMMs}{chapter.3}
\BOOKMARK [1][]{section.3.4}{3.4 Considera\347\365es Finais}{chapter.3}
\BOOKMARK [0][]{chapter.4}{4 Metodologia}{}
\BOOKMARK [1][]{section.4.1}{4.1 Bases de Dados}{chapter.4}
\BOOKMARK [1][]{section.4.2}{4.2 Motif Matching}{chapter.4}
\BOOKMARK [1][]{section.4.3}{4.3 An\341lises de Enriquecimento}{chapter.4}
\BOOKMARK [1][]{section.4.4}{4.4 Processamento dos Sinais Epigen\351ticos}{chapter.4}
\BOOKMARK [1][]{section.4.5}{4.5 Footprinting com HMMs}{chapter.4}
\BOOKMARK [1][]{section.4.6}{4.6 Estima\347\343o de Par\342metros e Aplica\347\343o dos HMMs}{chapter.4}
\BOOKMARK [1][]{section.4.7}{4.7 Gold Standard}{chapter.4}
\BOOKMARK [1][]{section.4.8}{4.8 Considera\347\365es Finais}{chapter.4}
\BOOKMARK [0][]{chapter.5}{5 Resultados e Discuss\343o}{}
\BOOKMARK [1][]{section.5.1}{5.1 An\341lise dos Sinais Epigen\351ticos}{chapter.5}
\BOOKMARK [1][]{section.5.2}{5.2 Acur\341cia do Modelo Proposto}{chapter.5}
\BOOKMARK [1][]{section.5.3}{5.3 Tempo de Execu\347\343o e Armazenamento}{chapter.5}
\BOOKMARK [1][]{section.5.4}{5.4 Considera\347\365es Finais}{chapter.5}
\BOOKMARK [0][]{chapter.6}{6 Conclus\343o}{}
\BOOKMARK [1][]{section.6.1}{6.1 Objetivos Atingidos}{chapter.6}
\BOOKMARK [1][]{section.6.2}{6.2 Dificuldades e Limita\347\365es de Escopo}{chapter.6}
\BOOKMARK [1][]{section.6.3}{6.3 Trabalhos Futuros}{chapter.6}
\BOOKMARK [0][]{section*.8}{Refer\352ncias}{}
