This is pdfTeX, Version 3.14159265-2.6-1.40.15 (TeX Live 2015/dev/Debian) (preloaded format=pdflatex 2015.5.1)  17 SEP 2015 14:20
entering extended mode
 restricted \write18 enabled.
 %&-line parsing enabled.
**document_short.tex
(./document_short.tex
LaTeX2e <2014/05/01>
Babel <3.9l> and hyphenation patterns for 2 languages loaded.
(/usr/share/texlive/texmf-dist/tex/latex/base/article.cls
Document Class: article 2014/09/29 v1.4h Standard LaTeX document class
(/usr/share/texlive/texmf-dist/tex/latex/base/size11.clo
File: size11.clo 2014/09/29 v1.4h Standard LaTeX file (size option)
)
\c@part=\count79
\c@section=\count80
\c@subsection=\count81
\c@subsubsection=\count82
\c@paragraph=\count83
\c@subparagraph=\count84
\c@figure=\count85
\c@table=\count86
\abovecaptionskip=\skip41
\belowcaptionskip=\skip42
\bibindent=\dimen102
)
(/usr/share/texlive/texmf-dist/tex/latex/amsmath/amsmath.sty
Package: amsmath 2013/01/14 v2.14 AMS math features
\@mathmargin=\skip43

For additional information on amsmath, use the `?' option.
(/usr/share/texlive/texmf-dist/tex/latex/amsmath/amstext.sty
Package: amstext 2000/06/29 v2.01

(/usr/share/texlive/texmf-dist/tex/latex/amsmath/amsgen.sty
File: amsgen.sty 1999/11/30 v2.0
\@emptytoks=\toks14
\ex@=\dimen103
))
(/usr/share/texlive/texmf-dist/tex/latex/amsmath/amsbsy.sty
Package: amsbsy 1999/11/29 v1.2d
\pmbraise@=\dimen104
)
(/usr/share/texlive/texmf-dist/tex/latex/amsmath/amsopn.sty
Package: amsopn 1999/12/14 v2.01 operator names
)
\inf@bad=\count87
LaTeX Info: Redefining \frac on input line 210.
\uproot@=\count88
\leftroot@=\count89
LaTeX Info: Redefining \overline on input line 306.
\classnum@=\count90
\DOTSCASE@=\count91
LaTeX Info: Redefining \ldots on input line 378.
LaTeX Info: Redefining \dots on input line 381.
LaTeX Info: Redefining \cdots on input line 466.
\Mathstrutbox@=\box26
\strutbox@=\box27
\big@size=\dimen105
LaTeX Font Info:    Redeclaring font encoding OML on input line 566.
LaTeX Font Info:    Redeclaring font encoding OMS on input line 567.
\macc@depth=\count92
\c@MaxMatrixCols=\count93
\dotsspace@=\muskip10
\c@parentequation=\count94
\dspbrk@lvl=\count95
\tag@help=\toks15
\row@=\count96
\column@=\count97
\maxfields@=\count98
\andhelp@=\toks16
\eqnshift@=\dimen106
\alignsep@=\dimen107
\tagshift@=\dimen108
\tagwidth@=\dimen109
\totwidth@=\dimen110
\lineht@=\dimen111
\@envbody=\toks17
\multlinegap=\skip44
\multlinetaggap=\skip45
\mathdisplay@stack=\toks18
LaTeX Info: Redefining \[ on input line 2665.
LaTeX Info: Redefining \] on input line 2666.
)
(/usr/share/texlive/texmf-dist/tex/latex/amsfonts/amsfonts.sty
Package: amsfonts 2013/01/14 v3.01 Basic AMSFonts support
\symAMSa=\mathgroup4
\symAMSb=\mathgroup5
LaTeX Font Info:    Overwriting math alphabet `\mathfrak' in version `bold'
(Font)                  U/euf/m/n --> U/euf/b/n on input line 106.
)
(/usr/share/texlive/texmf-dist/tex/latex/geometry/geometry.sty
Package: geometry 2010/09/12 v5.6 Page Geometry

(/usr/share/texlive/texmf-dist/tex/latex/graphics/keyval.sty
Package: keyval 2014/05/08 v1.15 key=value parser (DPC)
\KV@toks@=\toks19
)
(/usr/share/texlive/texmf-dist/tex/generic/oberdiek/ifpdf.sty
Package: ifpdf 2011/01/30 v2.3 Provides the ifpdf switch (HO)
Package ifpdf Info: pdfTeX in PDF mode is detected.
)
(/usr/share/texlive/texmf-dist/tex/generic/oberdiek/ifvtex.sty
Package: ifvtex 2010/03/01 v1.5 Detect VTeX and its facilities (HO)
Package ifvtex Info: VTeX not detected.
)
(/usr/share/texlive/texmf-dist/tex/generic/ifxetex/ifxetex.sty
Package: ifxetex 2010/09/12 v0.6 Provides ifxetex conditional
)
\Gm@cnth=\count99
\Gm@cntv=\count100
\c@Gm@tempcnt=\count101
\Gm@bindingoffset=\dimen112
\Gm@wd@mp=\dimen113
\Gm@odd@mp=\dimen114
\Gm@even@mp=\dimen115
\Gm@layoutwidth=\dimen116
\Gm@layoutheight=\dimen117
\Gm@layouthoffset=\dimen118
\Gm@layoutvoffset=\dimen119
\Gm@dimlist=\toks20
)
(/usr/share/texlive/texmf-dist/tex/latex/url/url.sty
\Urlmuskip=\muskip11
Package: url 2013/09/16  ver 3.4  Verb mode for urls, etc.
)
(/usr/share/texlive/texmf-dist/tex/latex/psnfss/helvet.sty
Package: helvet 2005/04/12 PSNFSS-v9.2a (WaS) 
) (./natbib.sty
Package: natbib 2000/07/24 7.0a (PWD)
\bibhang=\skip46
\bibsep=\skip47
LaTeX Info: Redefining \cite on input line 508.
\c@NAT@ctr=\count102
)
(/usr/share/texlive/texmf-dist/tex/latex/graphics/graphicx.sty
Package: graphicx 2014/04/25 v1.0g Enhanced LaTeX Graphics (DPC,SPQR)

(/usr/share/texlive/texmf-dist/tex/latex/graphics/graphics.sty
Package: graphics 2009/02/05 v1.0o Standard LaTeX Graphics (DPC,SPQR)

(/usr/share/texlive/texmf-dist/tex/latex/graphics/trig.sty
Package: trig 1999/03/16 v1.09 sin cos tan (DPC)
)
(/usr/share/texlive/texmf-dist/tex/latex/latexconfig/graphics.cfg
File: graphics.cfg 2010/04/23 v1.9 graphics configuration of TeX Live
)
Package graphics Info: Driver file: pdftex.def on input line 91.

(/usr/share/texlive/texmf-dist/tex/latex/pdftex-def/pdftex.def
File: pdftex.def 2011/05/27 v0.06d Graphics/color for pdfTeX

(/usr/share/texlive/texmf-dist/tex/generic/oberdiek/infwarerr.sty
Package: infwarerr 2010/04/08 v1.3 Providing info/warning/error messages (HO)
)
(/usr/share/texlive/texmf-dist/tex/generic/oberdiek/ltxcmds.sty
Package: ltxcmds 2011/11/09 v1.22 LaTeX kernel commands for general use (HO)
)
\Gread@gobject=\count103
))
\Gin@req@height=\dimen120
\Gin@req@width=\dimen121
)
(/usr/share/texlive/texmf-dist/tex/latex/rotating/rotating.sty
Package: rotating 2009/03/28 v2.16a rotated objects in LaTeX

(/usr/share/texlive/texmf-dist/tex/latex/base/ifthen.sty
Package: ifthen 2014/09/29 v1.1c Standard LaTeX ifthen package (DPC)
)
\c@r@tfl@t=\count104
\rotFPtop=\skip48
\rotFPbot=\skip49
\rot@float@box=\box28
\rot@mess@toks=\toks21
)
(/usr/share/texlive/texmf-dist/tex/latex/multirow/multirow.sty
\bigstrutjot=\dimen122
)
(/usr/share/texlive/texmf-dist/tex/latex/tools/tabularx.sty
Package: tabularx 2014/10/28 v2.10 `tabularx' package (DPC)

(/usr/share/texlive/texmf-dist/tex/latex/tools/array.sty
Package: array 2014/10/28 v2.4c Tabular extension package (FMi)
\col@sep=\dimen123
\extrarowheight=\dimen124
\NC@list=\toks22
\extratabsurround=\skip50
\backup@length=\skip51
)
\TX@col@width=\dimen125
\TX@old@table=\dimen126
\TX@old@col=\dimen127
\TX@target=\dimen128
\TX@delta=\dimen129
\TX@cols=\count105
\TX@ftn=\toks23
)
(/usr/share/texlive/texmf-dist/tex/latex/preprint/authblk.sty
Package: authblk 2001/02/27 1.3 (PWD)
\affilsep=\skip52
\@affilsep=\skip53
\c@Maxaffil=\count106
\c@authors=\count107
\c@affil=\count108
)
(/usr/share/texlive/texmf-dist/tex/latex/xcolor/xcolor.sty
Package: xcolor 2007/01/21 v2.11 LaTeX color extensions (UK)

(/usr/share/texlive/texmf-dist/tex/latex/latexconfig/color.cfg
File: color.cfg 2007/01/18 v1.5 color configuration of teTeX/TeXLive
)
Package xcolor Info: Driver file: pdftex.def on input line 225.
Package xcolor Info: Model `cmy' substituted by `cmy0' on input line 1337.
Package xcolor Info: Model `hsb' substituted by `rgb' on input line 1341.
Package xcolor Info: Model `RGB' extended on input line 1353.
Package xcolor Info: Model `HTML' substituted by `rgb' on input line 1355.
Package xcolor Info: Model `Hsb' substituted by `hsb' on input line 1356.
Package xcolor Info: Model `tHsb' substituted by `hsb' on input line 1357.
Package xcolor Info: Model `HSB' substituted by `hsb' on input line 1358.
Package xcolor Info: Model `Gray' substituted by `gray' on input line 1359.
Package xcolor Info: Model `wave' substituted by `hsb' on input line 1360.
)
(/usr/share/texlive/texmf-dist/tex/latex/changebar/changebar.sty
Package: changebar 2005/09/18 v3.5c Indicate changes with marginal bars
\cb@nextpoint=\count109
\cb@topleft=\count110
\cb@topright=\count111
\cb@botleft=\count112
\cb@botright=\count113
\cb@cnta=\count114
\cb@cntb=\count115
\cb@dima=\dimen130
\cb@curbarwd=\dimen131
\cb@page=\count116
\cb@pagecount=\count117
\cb@odd@left=\dimen132
\cb@odd@right=\dimen133
\cb@even@left=\dimen134
\cb@even@right=\dimen135
\cb@writexy=\write3
\cb@readxy=\read1
\openout3 = `document_short.cb2'.

\changebarwidth=\skip54
\deletebarwidth=\skip55
\changebarsep=\skip56
\c@changebargrey=\count118
\cb@write=\write4
\cb@read=\read2
\openout4 = `document_short.cb'.

)
(/usr/share/texlive/texmf-dist/tex/latex/hyperref/hyperref.sty
Package: hyperref 2012/11/06 v6.83m Hypertext links for LaTeX

(/usr/share/texlive/texmf-dist/tex/generic/oberdiek/hobsub-hyperref.sty
Package: hobsub-hyperref 2012/05/28 v1.13 Bundle oberdiek, subset hyperref (HO)


(/usr/share/texlive/texmf-dist/tex/generic/oberdiek/hobsub-generic.sty
Package: hobsub-generic 2012/05/28 v1.13 Bundle oberdiek, subset generic (HO)
Package: hobsub 2012/05/28 v1.13 Construct package bundles (HO)
Package hobsub Info: Skipping package `infwarerr' (already loaded).
Package hobsub Info: Skipping package `ltxcmds' (already loaded).
Package: ifluatex 2010/03/01 v1.3 Provides the ifluatex switch (HO)
Package ifluatex Info: LuaTeX not detected.
Package hobsub Info: Skipping package `ifvtex' (already loaded).
Package: intcalc 2007/09/27 v1.1 Expandable calculations with integers (HO)
Package hobsub Info: Skipping package `ifpdf' (already loaded).
Package: etexcmds 2011/02/16 v1.5 Avoid name clashes with e-TeX commands (HO)
Package etexcmds Info: Could not find \expanded.
(etexcmds)             That can mean that you are not using pdfTeX 1.50 or
(etexcmds)             that some package has redefined \expanded.
(etexcmds)             In the latter case, load this package earlier.
Package: kvsetkeys 2012/04/25 v1.16 Key value parser (HO)
Package: kvdefinekeys 2011/04/07 v1.3 Define keys (HO)
Package: pdftexcmds 2011/11/29 v0.20 Utility functions of pdfTeX for LuaTeX (HO
)
Package pdftexcmds Info: LuaTeX not detected.
Package pdftexcmds Info: \pdf@primitive is available.
Package pdftexcmds Info: \pdf@ifprimitive is available.
Package pdftexcmds Info: \pdfdraftmode found.
Package: pdfescape 2011/11/25 v1.13 Implements pdfTeX's escape features (HO)
Package: bigintcalc 2012/04/08 v1.3 Expandable calculations on big integers (HO
)
Package: bitset 2011/01/30 v1.1 Handle bit-vector datatype (HO)
Package: uniquecounter 2011/01/30 v1.2 Provide unlimited unique counter (HO)
)
Package hobsub Info: Skipping package `hobsub' (already loaded).
Package: letltxmacro 2010/09/02 v1.4 Let assignment for LaTeX macros (HO)
Package: hopatch 2012/05/28 v1.2 Wrapper for package hooks (HO)
Package: xcolor-patch 2011/01/30 xcolor patch
Package: atveryend 2011/06/30 v1.8 Hooks at the very end of document (HO)
Package atveryend Info: \enddocument detected (standard20110627).
Package: atbegshi 2011/10/05 v1.16 At begin shipout hook (HO)
Package: refcount 2011/10/16 v3.4 Data extraction from label references (HO)
Package: hycolor 2011/01/30 v1.7 Color options for hyperref/bookmark (HO)
)
(/usr/share/texlive/texmf-dist/tex/latex/oberdiek/auxhook.sty
Package: auxhook 2011/03/04 v1.3 Hooks for auxiliary files (HO)
)
(/usr/share/texlive/texmf-dist/tex/latex/oberdiek/kvoptions.sty
Package: kvoptions 2011/06/30 v3.11 Key value format for package options (HO)
)
\@linkdim=\dimen136
\Hy@linkcounter=\count119
\Hy@pagecounter=\count120

(/usr/share/texlive/texmf-dist/tex/latex/hyperref/pd1enc.def
File: pd1enc.def 2012/11/06 v6.83m Hyperref: PDFDocEncoding definition (HO)
)
\Hy@SavedSpaceFactor=\count121

(/usr/share/texlive/texmf-dist/tex/latex/latexconfig/hyperref.cfg
File: hyperref.cfg 2002/06/06 v1.2 hyperref configuration of TeXLive
)
Package hyperref Info: Option `bookmarks' set `false' on input line 4319.
Package hyperref Info: Option `pdfpagelabels' set `false' on input line 4319.
Package hyperref Info: Option `hyperfootnotes' set `false' on input line 4319.
Package hyperref Info: Option `hyperindex' set `false' on input line 4319.
Package hyperref Info: Option `pageanchor' set `false' on input line 4319.
Package hyperref Info: Option `colorlinks' set `true' on input line 4319.
Package hyperref Info: Hyper figures OFF on input line 4443.
Package hyperref Info: Link nesting OFF on input line 4448.
Package hyperref Info: Hyper index OFF on input line 4453.
Package hyperref Info: Plain pages OFF on input line 4458.
Package hyperref Info: Backreferencing OFF on input line 4463.
Package hyperref Info: Implicit mode ON; LaTeX internals redefined.
Package hyperref Info: Bookmarks OFF on input line 4694.
\c@Hy@tempcnt=\count122
LaTeX Info: Redefining \url on input line 5041.
\XeTeXLinkMargin=\dimen137
\Fld@menulength=\count123
\Field@Width=\dimen138
\Fld@charsize=\dimen139
Package hyperref Info: Hyper figures OFF on input line 6295.
Package hyperref Info: Link nesting OFF on input line 6300.
Package hyperref Info: Hyper index OFF on input line 6305.
Package hyperref Info: backreferencing OFF on input line 6310.
Package hyperref Info: Link coloring ON on input line 6313.
Package hyperref Info: Link coloring with OCG OFF on input line 6320.
Package hyperref Info: PDF/A mode OFF on input line 6325.
LaTeX Info: Redefining \ref on input line 6365.
LaTeX Info: Redefining \pageref on input line 6369.
\c@Item=\count124
)

Package hyperref Message: Driver (autodetected): hpdftex.

(/usr/share/texlive/texmf-dist/tex/latex/hyperref/hpdftex.def
File: hpdftex.def 2012/11/06 v6.83m Hyperref driver for pdfTeX
\Fld@listcount=\count125
\c@bookmark@seq@number=\count126

(/usr/share/texlive/texmf-dist/tex/latex/oberdiek/rerunfilecheck.sty
Package: rerunfilecheck 2011/04/15 v1.7 Rerun checks for auxiliary files (HO)
Package uniquecounter Info: New unique counter `rerunfilecheck' on input line 2
82.
)
\Hy@SectionHShift=\skip57
)
(/usr/share/texlive/texmf-dist/tex/latex/caption/caption.sty
Package: caption 2013/05/02 v3.3-89 Customizing captions (AR)

(/usr/share/texlive/texmf-dist/tex/latex/caption/caption3.sty
Package: caption3 2013/05/02 v1.6-88 caption3 kernel (AR)
Package caption3 Info: TeX engine: e-TeX on input line 57.
\captionmargin=\dimen140
\captionmargin@=\dimen141
\captionwidth=\dimen142
\caption@tempdima=\dimen143
\caption@indent=\dimen144
\caption@parindent=\dimen145
\caption@hangindent=\dimen146
)
\c@ContinuedFloat=\count127
Package caption Info: hyperref package is loaded.
Package caption Info: rotating package is loaded.
)
(./document_short.aux)
\openout1 = `document_short.aux'.

LaTeX Font Info:    Checking defaults for OML/cmm/m/it on input line 35.
LaTeX Font Info:    ... okay on input line 35.
LaTeX Font Info:    Checking defaults for T1/cmr/m/n on input line 35.
LaTeX Font Info:    ... okay on input line 35.
LaTeX Font Info:    Checking defaults for OT1/cmr/m/n on input line 35.
LaTeX Font Info:    ... okay on input line 35.
LaTeX Font Info:    Checking defaults for OMS/cmsy/m/n on input line 35.
LaTeX Font Info:    ... okay on input line 35.
LaTeX Font Info:    Checking defaults for OMX/cmex/m/n on input line 35.
LaTeX Font Info:    ... okay on input line 35.
LaTeX Font Info:    Checking defaults for U/cmr/m/n on input line 35.
LaTeX Font Info:    ... okay on input line 35.
LaTeX Font Info:    Checking defaults for PD1/pdf/m/n on input line 35.
LaTeX Font Info:    ... okay on input line 35.

*geometry* driver: auto-detecting
*geometry* detected driver: pdftex
*geometry* verbose mode - [ preamble ] result:
* driver: pdftex
* paper: <default>
* layout: <same size as paper>
* layoutoffset:(h,v)=(0.0pt,0.0pt)
* modes: 
* h-part:(L,W,R)=(81.30374pt, 451.6875pt, 81.30376pt)
* v-part:(T,H,B)=(62.15201pt, 639.58994pt, 93.22804pt)
* \paperwidth=614.295pt
* \paperheight=794.96999pt
* \textwidth=451.6875pt
* \textheight=639.58994pt
* \oddsidemargin=9.03375pt
* \evensidemargin=9.03375pt
* \topmargin=-47.11798pt
* \headheight=12.0pt
* \headsep=25.0pt
* \topskip=11.0pt
* \footskip=30.0pt
* \marginparwidth=59.0pt
* \marginparsep=10.0pt
* \columnsep=10.0pt
* \skip\footins=10.0pt plus 4.0pt minus 2.0pt
* \hoffset=0.0pt
* \voffset=0.0pt
* \mag=1000
* \@twocolumnfalse
* \@twosidefalse
* \@mparswitchfalse
* \@reversemarginfalse
* (1in=72.27pt=25.4mm, 1cm=28.453pt)

(/usr/share/texlive/texmf-dist/tex/context/base/supp-pdf.mkii
[Loading MPS to PDF converter (version 2006.09.02).]
\scratchcounter=\count128
\scratchdimen=\dimen147
\scratchbox=\box29
\nofMPsegments=\count129
\nofMParguments=\count130
\everyMPshowfont=\toks24
\MPscratchCnt=\count131
\MPscratchDim=\dimen148
\MPnumerator=\count132
\makeMPintoPDFobject=\count133
\everyMPtoPDFconversion=\toks25
) (/usr/share/texlive/texmf-dist/tex/latex/oberdiek/epstopdf-base.sty
Package: epstopdf-base 2010/02/09 v2.5 Base part for package epstopdf

(/usr/share/texlive/texmf-dist/tex/latex/oberdiek/grfext.sty
Package: grfext 2010/08/19 v1.1 Manage graphics extensions (HO)
)
Package grfext Info: Graphics extension search list:
(grfext)             [.png,.pdf,.jpg,.mps,.jpeg,.jbig2,.jb2,.PNG,.PDF,.JPG,.JPE
G,.JBIG2,.JB2,.eps]
(grfext)             \AppendGraphicsExtensions on input line 452.

(/usr/share/texlive/texmf-dist/tex/latex/latexconfig/epstopdf-sys.cfg
File: epstopdf-sys.cfg 2010/07/13 v1.3 Configuration of (r)epstopdf for TeX Liv
e
))
\AtBeginShipoutBox=\box30
Package hyperref Info: Link coloring ON on input line 35.

(/usr/share/texlive/texmf-dist/tex/latex/hyperref/nameref.sty
Package: nameref 2012/10/27 v2.43 Cross-referencing by name of section

(/usr/share/texlive/texmf-dist/tex/generic/oberdiek/gettitlestring.sty
Package: gettitlestring 2010/12/03 v1.4 Cleanup title references (HO)
)
\c@section@level=\count134
)
LaTeX Info: Redefining \ref on input line 35.
LaTeX Info: Redefining \pageref on input line 35.
LaTeX Info: Redefining \nameref on input line 35.
Package caption Info: Begin \AtBeginDocument code.
Package caption Info: End \AtBeginDocument code.
LaTeX Font Info:    Try loading font information for U+msa on input line 47.

(/usr/share/texlive/texmf-dist/tex/latex/amsfonts/umsa.fd
File: umsa.fd 2013/01/14 v3.01 AMS symbols A
)
LaTeX Font Info:    Try loading font information for U+msb on input line 47.

(/usr/share/texlive/texmf-dist/tex/latex/amsfonts/umsb.fd
File: umsb.fd 2013/01/14 v3.01 AMS symbols B
)
Overfull \hbox (3.44733pt too wide) in paragraph at lines 107--107
[]|\OT1/cmr/bx/n/10 Page| 
 []


Underfull \hbox (badness 10000) in alignment at lines 107--107
[][][] 
 []


LaTeX Warning: `!h' float specifier changed to `!ht'.

[1

{/var/lib/texmf/fonts/map/pdftex/updmap/pdftex.map}] [2]
Overfull \hbox (3.447pt too wide) in paragraph at lines 139--139
[]|\OT1/cmr/bx/n/10 Page| 
 []


Underfull \hbox (badness 10000) in alignment at lines 139--139
[][][] 
 []


Overfull \hbox (3.447pt too wide) in paragraph at lines 161--161
[]|\OT1/cmr/bx/n/10 Page| 
 []


Underfull \hbox (badness 10000) in alignment at lines 161--161
[][][] 
 []

[3

]
Overfull \hbox (2.45883pt too wide) in paragraph at lines 178--180
\OT1/cmtt/m/n/10.95 encode / supplementary / integration _ data _ jan2011 / byD
ataType / footprints / jan2011 / de .
 []

[4

] [5] [6]
Overfull \hbox (2.45883pt too wide) in paragraph at lines 275--277
\OT1/cmtt/m/n/10.95 pub / databases / ensembl / encode / supplementary / integr
ation _ data _ jan2011 / byDataType /
 []

[7] [8] [9] [10] [11] [12] (./document_short.bbl [13]) [14]
<Figs/BiasCorr_HeReplication.pdf, id=600, 505.89pt x 433.62pt>
File: Figs/BiasCorr_HeReplication.pdf Graphic file (type pdf)

<use Figs/BiasCorr_HeReplication.pdf>
Package pdftex.def Info: Figs/BiasCorr_HeReplication.pdf used on input line 415
.
(pdftex.def)             Requested size: 316.17987pt x 271.01845pt.
 [15

 <./Figs/BiasCorr_HeReplication.pdf>]
<Figs/BC_ATF3_PWM_H1hESC.pdf, id=617, 507.8975pt x 580.1675pt>
File: Figs/BC_ATF3_PWM_H1hESC.pdf Graphic file (type pdf)

<use Figs/BC_ATF3_PWM_H1hESC.pdf>
Package pdftex.def Info: Figs/BC_ATF3_PWM_H1hESC.pdf used on input line 427.
(pdftex.def)             Requested size: 149.0577pt x 170.26265pt.

<Figs/BC_EGR1_PWM_H1hESC.pdf, id=618, 507.8975pt x 580.1675pt>
File: Figs/BC_EGR1_PWM_H1hESC.pdf Graphic file (type pdf)

<use Figs/BC_EGR1_PWM_H1hESC.pdf>
Package pdftex.def Info: Figs/BC_EGR1_PWM_H1hESC.pdf used on input line 427.
(pdftex.def)             Requested size: 149.0577pt x 170.26265pt.

<Figs/BC_NRF1_PWM_H1hESC.pdf, id=619, 507.8975pt x 580.1675pt>
File: Figs/BC_NRF1_PWM_H1hESC.pdf Graphic file (type pdf)

<use Figs/BC_NRF1_PWM_H1hESC.pdf>
Package pdftex.def Info: Figs/BC_NRF1_PWM_H1hESC.pdf used on input line 427.
(pdftex.def)             Requested size: 149.0577pt x 170.26265pt.

<Figs/BC_RAD21_PWM_H1hESC.pdf, id=620, 507.8975pt x 580.1675pt>
File: Figs/BC_RAD21_PWM_H1hESC.pdf Graphic file (type pdf)

<use Figs/BC_RAD21_PWM_H1hESC.pdf>
Package pdftex.def Info: Figs/BC_RAD21_PWM_H1hESC.pdf used on input line 433.
(pdftex.def)             Requested size: 149.0577pt x 170.26265pt.

<Figs/BC_SP1_PWM_H1hESC.pdf, id=621, 507.8975pt x 580.1675pt>
File: Figs/BC_SP1_PWM_H1hESC.pdf Graphic file (type pdf)

<use Figs/BC_SP1_PWM_H1hESC.pdf>
Package pdftex.def Info: Figs/BC_SP1_PWM_H1hESC.pdf used on input line 433.
(pdftex.def)             Requested size: 149.0577pt x 170.26265pt.

<Figs/BC_SP4_PWM_H1hESC.pdf, id=622, 507.8975pt x 580.1675pt>
File: Figs/BC_SP4_PWM_H1hESC.pdf Graphic file (type pdf)

<use Figs/BC_SP4_PWM_H1hESC.pdf>
Package pdftex.def Info: Figs/BC_SP4_PWM_H1hESC.pdf used on input line 433.
(pdftex.def)             Requested size: 149.0577pt x 170.26265pt.
 [16 <./Figs/BC_ATF3_PWM_H1hESC.pdf> <./Figs/BC_EGR1_PWM_H1hESC.pdf> <./Figs/BC
_NRF1_PWM_H1hESC.pdf> <./Figs/BC_RAD21_PWM_H1hESC.pdf> <./Figs/BC_SP1_PWM_H1hES
C.pdf> <./Figs/BC_SP4_PWM_H1hESC.pdf>]
<Figs/Kmer_correlation_spearman.pdf, id=747, 578.16pt x 505.89pt>
File: Figs/Kmer_correlation_spearman.pdf Graphic file (type pdf)

<use Figs/Kmer_correlation_spearman.pdf>
Package pdftex.def Info: Figs/Kmer_correlation_spearman.pdf used on input line 
443.
(pdftex.def)             Requested size: 316.17987pt x 276.6579pt.


LaTeX Warning: `h' float specifier changed to `ht'.

[17 <./Figs/Kmer_correlation_spearman.pdf>]
<Figs/CgBiasCorr.pdf, id=761, 1245.90628pt x 422.99516pt>
File: Figs/CgBiasCorr.pdf Graphic file (type pdf)

<use Figs/CgBiasCorr.pdf>
Package pdftex.def Info: Figs/CgBiasCorr.pdf used on input line 452.
(pdftex.def)             Requested size: 451.6875pt x 153.34956pt.
 [18



 <./Figs/CgBiasCorr.pdf>]
<Figs/AUC_Boxplot.pdf, id=809, 578.16pt x 361.35pt>
File: Figs/AUC_Boxplot.pdf Graphic file (type pdf)
 <use Figs/AUC_Boxplot.pdf>
Package pdftex.def Info: Figs/AUC_Boxplot.pdf used on input line 466.
(pdftex.def)             Requested size: 361.35136pt x 225.8432pt.

[19

 <./Figs/AUC_Boxplot.pdf>]
<Figs/BC_AR_R1881_PWM_LnCaP.pdf, id=826, 507.8975pt x 580.1675pt>
File: Figs/BC_AR_R1881_PWM_LnCaP.pdf Graphic file (type pdf)

<use Figs/BC_AR_R1881_PWM_LnCaP.pdf>
Package pdftex.def Info: Figs/BC_AR_R1881_PWM_LnCaP.pdf used on input line 477.

(pdftex.def)             Requested size: 171.64345pt x 196.06807pt.

<Figs/BC_GR_withDEX_PWM_m3134.pdf, id=827, 507.8975pt x 580.1675pt>
File: Figs/BC_GR_withDEX_PWM_m3134.pdf Graphic file (type pdf)

<use Figs/BC_GR_withDEX_PWM_m3134.pdf>
Package pdftex.def Info: Figs/BC_GR_withDEX_PWM_m3134.pdf used on input line 47
7.
(pdftex.def)             Requested size: 171.64345pt x 196.06807pt.

<Figs/BC_ER_40min_PWM_Mcf7.pdf, id=828, 507.8975pt x 580.1675pt>
File: Figs/BC_ER_40min_PWM_Mcf7.pdf Graphic file (type pdf)

<use Figs/BC_ER_40min_PWM_Mcf7.pdf>
Package pdftex.def Info: Figs/BC_ER_40min_PWM_Mcf7.pdf used on input line 481.
(pdftex.def)             Requested size: 171.64345pt x 196.06807pt.

<Figs/BC_ER_160min_PWM_Mcf7.pdf, id=829, 507.8975pt x 580.1675pt>
File: Figs/BC_ER_160min_PWM_Mcf7.pdf Graphic file (type pdf)

<use Figs/BC_ER_160min_PWM_Mcf7.pdf>
Package pdftex.def Info: Figs/BC_ER_160min_PWM_Mcf7.pdf used on input line 481.

(pdftex.def)             Requested size: 171.64345pt x 196.06807pt.


LaTeX Warning: Text page 20 contains only floats.


Overfull \vbox (3.08176pt too high) has occurred while \output is active []


[20

 <./Figs/BC_AR_R1881_PWM_LnCaP.pdf> <./Figs/BC_GR_withDEX_PWM_m3134.pdf> <./Fig
s/BC_ER_40min_PWM_Mcf7.pdf> <./Figs/BC_ER_160min_PWM_Mcf7.pdf>]
<Figs/BC_0458_PWM_H7hesc.pdf, id=915, 507.8975pt x 580.1675pt>
File: Figs/BC_0458_PWM_H7hesc.pdf Graphic file (type pdf)

<use Figs/BC_0458_PWM_H7hesc.pdf>
Package pdftex.def Info: Figs/BC_0458_PWM_H7hesc.pdf used on input line 494.
(pdftex.def)             Requested size: 225.84375pt x 257.97453pt.

<Figs/BC_0500_PWM_H7hesc.pdf, id=916, 507.8975pt x 580.1675pt>
File: Figs/BC_0500_PWM_H7hesc.pdf Graphic file (type pdf)

<use Figs/BC_0500_PWM_H7hesc.pdf>
Package pdftex.def Info: Figs/BC_0500_PWM_H7hesc.pdf used on input line 494.
(pdftex.def)             Requested size: 225.84375pt x 257.97453pt.
 [21

 <./Figs/BC_0458_PWM_H7hesc.pdf> <./Figs/BC_0500_PWM_H7hesc.pdf>]
Overfull \hbox (1.64616pt too wide) in paragraph at lines 534--534
[]|\OT1/cmr/m/n/10.95 GEO/NCBI| 
 []


Overfull \hbox (1.342pt too wide) in paragraph at lines 534--534
[]|\OT1/cmr/m/n/10.95 GSM816632| 
 []


Overfull \hbox (1.342pt too wide) in paragraph at lines 534--534
[]|\OT1/cmr/m/n/10.95 GSM816643| 
 []


Overfull \hbox (1.342pt too wide) in paragraph at lines 534--534
[]|\OT1/cmr/m/n/10.95 GSM816662| 
 []


Overfull \hbox (1.342pt too wide) in paragraph at lines 534--534
[]|\OT1/cmr/m/n/10.95 GSM816646| 
 []


Overfull \hbox (1.342pt too wide) in paragraph at lines 534--534
[]|\OT1/cmr/m/n/10.95 GSM816637| 
 []


Overfull \hbox (1.342pt too wide) in paragraph at lines 534--534
[]|\OT1/cmr/m/n/10.95 GSM816627| 
 []


Overfull \hbox (6.817pt too wide) in paragraph at lines 534--534
[]|\OT1/cmr/m/n/10.95 GSM1496625| 
 []


Overfull \hbox (6.817pt too wide) in paragraph at lines 534--534
[]|\OT1/cmr/m/n/10.95 GSM1496626| 
 []


Overfull \hbox (1.342pt too wide) in paragraph at lines 534--534
[]|\OT1/cmr/m/n/10.95 GSM736638 
 []


Overfull \hbox (1.342pt too wide) in paragraph at lines 534--534
\OT1/cmr/m/n/10.95 GSM736610| 
 []


Overfull \hbox (1.342pt too wide) in paragraph at lines 534--534
[]|\OT1/cmr/m/n/10.95 GSM736637 
 []


Overfull \hbox (1.342pt too wide) in paragraph at lines 534--534
\OT1/cmr/m/n/10.95 GSM736639| 
 []


Overfull \hbox (1.342pt too wide) in paragraph at lines 534--534
[]|\OT1/cmr/m/n/10.95 GSM736575 
 []


Overfull \hbox (1.342pt too wide) in paragraph at lines 534--534
\OT1/cmr/m/n/10.95 GSM736533| 
 []


Overfull \hbox (1.342pt too wide) in paragraph at lines 534--534
[]|\OT1/cmr/m/n/10.95 GSM736629 
 []


Overfull \hbox (1.342pt too wide) in paragraph at lines 534--534
\OT1/cmr/m/n/10.95 GSM736566| 
 []


Overfull \hbox (6.817pt too wide) in paragraph at lines 534--534
[]|\OT1/cmr/m/n/10.95 GSM1014196| 
 []

[22

]

LaTeX Warning: Float too large for page by 30.96933pt on input line 564.


LaTeX Warning: `h' float specifier changed to `ht'.

[23] [24


]
Package atveryend Info: Empty hook `BeforeClearDocument' on input line 598.
Package atveryend Info: Empty hook `AfterLastShipout' on input line 598.
 (./document_short.aux)
Package atveryend Info: Empty hook `AtVeryEndDocument' on input line 598.
Package atveryend Info: Empty hook `AtEndAfterFileList' on input line 598.
Package atveryend Info: Empty hook `AtVeryVeryEnd' on input line 598.
 ) 
Here is how much of TeX's memory you used:
 8511 strings out of 495020
 125839 string characters out of 6181325
 275773 words of memory out of 5000000
 11513 multiletter control sequences out of 15000+600000
 18136 words of font info for 69 fonts, out of 8000000 for 9000
 14 hyphenation exceptions out of 8191
 36i,12n,52p,3054b,390s stack positions out of 5000i,500n,10000p,200000b,80000s
</usr/share/texlive/texmf-dist/fonts/type1/public/amsfonts/cm/cmbx10.pfb></us
r/share/texlive/texmf-dist/fonts/type1/public/amsfonts/cm/cmbx12.pfb></usr/shar
e/texlive/texmf-dist/fonts/type1/public/amsfonts/cm/cmbx7.pfb></usr/share/texli
ve/texmf-dist/fonts/type1/public/amsfonts/cm/cmbx8.pfb></usr/share/texlive/texm
f-dist/fonts/type1/public/amsfonts/cm/cmex10.pfb></usr/share/texlive/texmf-dist
/fonts/type1/public/amsfonts/cm/cmmi10.pfb></usr/share/texlive/texmf-dist/fonts
/type1/public/amsfonts/cm/cmmi6.pfb></usr/share/texlive/texmf-dist/fonts/type1/
public/amsfonts/cm/cmmi8.pfb></usr/share/texlive/texmf-dist/fonts/type1/public/
amsfonts/cm/cmr10.pfb></usr/share/texlive/texmf-dist/fonts/type1/public/amsfont
s/cm/cmr12.pfb></usr/share/texlive/texmf-dist/fonts/type1/public/amsfonts/cm/cm
r6.pfb></usr/share/texlive/texmf-dist/fonts/type1/public/amsfonts/cm/cmr7.pfb><
/usr/share/texlive/texmf-dist/fonts/type1/public/amsfonts/cm/cmr8.pfb></usr/sha
re/texlive/texmf-dist/fonts/type1/public/amsfonts/cm/cmr9.pfb></usr/share/texli
ve/texmf-dist/fonts/type1/public/amsfonts/cm/cmsy10.pfb></usr/share/texlive/tex
mf-dist/fonts/type1/public/amsfonts/cm/cmsy6.pfb></usr/share/texlive/texmf-dist
/fonts/type1/public/amsfonts/cm/cmsy8.pfb></usr/share/texlive/texmf-dist/fonts/
type1/public/amsfonts/cm/cmti10.pfb></usr/share/texlive/texmf-dist/fonts/type1/
public/amsfonts/cm/cmti7.pfb></usr/share/texlive/texmf-dist/fonts/type1/public/
amsfonts/cm/cmtt10.pfb></usr/share/texlive/texmf-dist/fonts/type1/public/amsfon
ts/symbols/msbm10.pfb></usr/share/texmf/fonts/type1/public/tex-gyre/qhvr.pfb>
Output written on document_short.pdf (24 pages, 1077642 bytes).
PDF statistics:
 1063 PDF objects out of 1200 (max. 8388607)
 637 compressed objects within 7 object streams
 82 named destinations out of 1000 (max. 500000)
 81 words of extra memory for PDF output out of 10000 (max. 10000000)

