\BOOKMARK [1][-]{section.1}{Methods}{}% 1
\BOOKMARK [2][-]{subsection.1.1}{Data}{section.1}% 2
\BOOKMARK [2][-]{subsection.1.2}{Bias Correction}{section.1}% 3
\BOOKMARK [3][-]{subsubsection.1.2.1}{DNase I Hypersensitive Sites}{subsection.1.2}% 4
\BOOKMARK [3][-]{subsubsection.1.2.2}{Estimation of DNase I Cleavage Bias}{subsection.1.2}% 5
\BOOKMARK [3][-]{subsubsection.1.2.3}{DNase I Cleavage Bias Correction}{subsection.1.2}% 6
\BOOKMARK [2][-]{subsection.1.3}{Computational Footprinting Methods \(in Chronological Order\)}{section.1}% 7
\BOOKMARK [3][-]{subsubsection.1.3.1}{Neph Method}{subsection.1.3}% 8
\BOOKMARK [3][-]{subsubsection.1.3.2}{Boyle Method}{subsection.1.3}% 9
\BOOKMARK [3][-]{subsubsection.1.3.3}{Centipede}{subsection.1.3}% 10
\BOOKMARK [3][-]{subsubsection.1.3.4}{Cuellar Method}{subsection.1.3}% 11
\BOOKMARK [3][-]{subsubsection.1.3.5}{Wellington}{subsection.1.3}% 12
\BOOKMARK [3][-]{subsubsection.1.3.6}{Protein Interaction Quantification \(PIQ\)}{subsection.1.3}% 13
\BOOKMARK [3][-]{subsubsection.1.3.7}{Footprint Mixture \(FLR\)}{subsection.1.3}% 14
\BOOKMARK [3][-]{subsubsection.1.3.8}{DNase2TF}{subsection.1.3}% 15
\BOOKMARK [3][-]{subsubsection.1.3.9}{HINT, HINT-BC, HINT-BCN}{subsection.1.3}% 16
\BOOKMARK [3][-]{subsubsection.1.3.10}{Footprint Score \(FS\)}{subsection.1.3}% 17
\BOOKMARK [3][-]{subsubsection.1.3.11}{Tag Count \(TC\)}{subsection.1.3}% 18
\BOOKMARK [2][-]{subsection.1.4}{Evaluation}{section.1}% 19
\BOOKMARK [3][-]{subsubsection.1.4.1}{Motif-Predicted Binding Sites \(MPBSs\)}{subsection.1.4}% 20
\BOOKMARK [3][-]{subsubsection.1.4.2}{Method Comparison}{subsection.1.4}% 21
\BOOKMARK [3][-]{subsubsection.1.4.3}{Statistical Methods}{subsection.1.4}% 22
\BOOKMARK [2][-]{subsection.1.5}{Protection Score}{section.1}% 23
